\BOOKMARK [0][-]{chapter.1}{\376\377\145\160\133\146\121\306\131\007}{}% 1
\BOOKMARK [1][-]{section.1.1}{\376\377\226\306\124\010}{chapter.1}% 2
\BOOKMARK [0][-]{section.1.1}{\376\377\226\306\124\010}{}% 3
\BOOKMARK [1][-]{subsection.1.1.1}{\376\377\173\111\116\367\121\163\174\373}{section.1.1}% 4
\BOOKMARK [0][-]{subsection.1.1.1}{\376\377\173\111\116\367\121\163\174\373}{}% 5
\BOOKMARK [1][-]{section.1.2}{\376\377\146\040\134\004}{subsection.1.1.1}% 6
\BOOKMARK [0][-]{section.1.2}{\376\377\146\040\134\004}{}% 7
\BOOKMARK [1][-]{section.1.3}{\376\377\136\246\221\317\172\172\225\364}{section.1.2}% 8
\BOOKMARK [0][-]{section.1.3}{\376\377\136\246\221\317\172\172\225\364}{}% 9
\BOOKMARK [1][-]{section.1.4}{\376\377\127\372\145\160}{section.1.3}% 10
\BOOKMARK [0][-]{section.1.4}{\376\377\127\372\145\160}{}% 11
\BOOKMARK [1][-]{section.1.5}{\376\377\145\160\133\146\137\122\176\263\154\325}{section.1.4}% 12
\BOOKMARK [0][-]{section.1.5}{\376\377\145\160\133\146\137\122\176\263\154\325}{}% 13
\BOOKMARK [1][-]{section.1.6}{\376\377\147\054\172\340\116\140\230\230}{section.1.5}% 14
\BOOKMARK [0][-]{section.1.6}{\376\377\147\054\172\340\116\140\230\230}{}% 15
\BOOKMARK [-1][-]{part.1}{\376\377\173\054\116\000\220\350\122\006\000\040\147\011\226\120\176\364\167\342\221\317\172\172\225\364}{}% 16
\BOOKMARK [0][-]{chapter.2}{\376\377\167\342\221\317\116\016\176\277\140\047\146\040\134\004}{part.1}% 17
\BOOKMARK [1][-]{section.2.1}{\376\377\167\342\221\317\172\172\225\364}{chapter.2}% 18
\BOOKMARK [0][-]{section.2.1}{\376\377\167\342\221\317\172\172\225\364}{part.1}% 19
\BOOKMARK [1][-]{subsection.2.1.1}{\376\377\133\120\172\172\225\364}{section.2.1}% 20
\BOOKMARK [0][-]{subsection.2.1.1}{\376\377\133\120\172\172\225\364}{part.1}% 21
\BOOKMARK [1][-]{subsection.2.1.2}{\376\377\125\106\172\172\225\364}{subsection.2.1.1}% 22
\BOOKMARK [0][-]{subsection.2.1.2}{\376\377\125\106\172\172\225\364}{part.1}% 23
\BOOKMARK [1][-]{subsection.2.1.3}{\376\377\166\364\124\214}{subsection.2.1.2}% 24
\BOOKMARK [0][-]{subsection.2.1.3}{\376\377\166\364\124\214}{part.1}% 25
\BOOKMARK [1][-]{subsection.2.1.4}{\376\377\167\342\221\317\172\172\225\364\166\204\137\040\221\317\171\357}{subsection.2.1.3}% 26
\BOOKMARK [0][-]{subsection.2.1.4}{\376\377\167\342\221\317\172\172\225\364\166\204\137\040\221\317\171\357}{part.1}% 27
\BOOKMARK [1][-]{section.2.2}{\376\377\121\205\171\357}{subsection.2.1.4}% 28
\BOOKMARK [0][-]{section.2.2}{\376\377\121\205\171\357}{part.1}% 29
\BOOKMARK [1][-]{subsection.2.2.1}{\376\377\153\143\116\244\140\047}{section.2.2}% 30
\BOOKMARK [0][-]{subsection.2.2.1}{\376\377\153\143\116\244\140\047}{part.1}% 31
\BOOKMARK [1][-]{subsection.2.2.2}{\376\377\000G\000r\000a\000m\000-\000S\000c\000h\000m\000i\000d\000t\000\040\217\307\172\013}{subsection.2.2.1}% 32
\BOOKMARK [0][-]{subsection.2.2.2}{\376\377\000G\000r\000a\000m\000-\000S\000c\000h\000m\000i\000d\000t\000\040\217\307\172\013}{part.1}% 33
\BOOKMARK [1][-]{subsection.2.2.3}{\376\377\000S\000c\000h\000w\000a\000r\000z\000\040\116\015\173\111\137\017}{subsection.2.2.2}% 34
\BOOKMARK [0][-]{subsection.2.2.3}{\376\377\000S\000c\000h\000w\000a\000r\000z\000\040\116\015\173\111\137\017}{part.1}% 35
\BOOKMARK [1][-]{subsection.2.2.4}{\376\377\167\342\221\317\166\204\225\177\136\246}{subsection.2.2.3}% 36
\BOOKMARK [0][-]{subsection.2.2.4}{\376\377\167\342\221\317\166\204\225\177\136\246}{part.1}% 37
\BOOKMARK [1][-]{section.2.3}{\376\377\176\277\140\047\146\040\134\004}{subsection.2.2.4}% 38
\BOOKMARK [0][-]{section.2.3}{\376\377\176\277\140\047\146\040\134\004}{part.1}% 39
\BOOKMARK [1][-]{subsection.2.3.1}{\376\377\176\277\140\047\146\040\134\004\166\204\150\070}{section.2.3}% 40
\BOOKMARK [0][-]{subsection.2.3.1}{\376\377\176\277\140\047\146\040\134\004\166\204\150\070}{part.1}% 41
\BOOKMARK [1][-]{subsection.2.3.2}{\376\377\176\277\140\047\124\014\147\204}{subsection.2.3.1}% 42
\BOOKMARK [0][-]{subsection.2.3.2}{\376\377\176\277\140\047\124\014\147\204}{part.1}% 43
\BOOKMARK [1][-]{section.2.4}{\376\377\131\015\176\323\147\204}{subsection.2.3.2}% 44
\BOOKMARK [0][-]{section.2.4}{\376\377\131\015\176\323\147\204}{part.1}% 45
\BOOKMARK [1][-]{section.2.5}{\376\377\176\277\140\047\154\333\121\375}{section.2.4}% 46
\BOOKMARK [0][-]{section.2.5}{\376\377\176\277\140\047\154\333\121\375}{part.1}% 47
\BOOKMARK [1][-]{section.2.6}{\376\377\131\032\221\315\176\277\140\047\146\040\134\004}{section.2.5}% 48
\BOOKMARK [0][-]{section.2.6}{\376\377\131\032\221\315\176\277\140\047\146\040\134\004}{part.1}% 49
\BOOKMARK [1][-]{subsection.2.6.1}{\376\377\176\277\140\047\173\227\173\046\166\204\210\114\122\027\137\017}{section.2.6}% 50
\BOOKMARK [0][-]{subsection.2.6.1}{\376\377\176\277\140\047\173\227\173\046\166\204\210\114\122\027\137\017}{part.1}% 51
\BOOKMARK [1][-]{subsection.2.6.2}{\376\377\123\344\121\170\117\064\226\217}{subsection.2.6.1}% 52
\BOOKMARK [0][-]{subsection.2.6.2}{\376\377\123\344\121\170\117\064\226\217}{part.1}% 53
\BOOKMARK [1][-]{section.2.7}{\376\377\147\054\172\340\116\140\230\230}{subsection.2.6.2}% 54
\BOOKMARK [0][-]{section.2.7}{\376\377\147\054\172\340\116\140\230\230}{part.1}% 55
\BOOKMARK [0][-]{chapter.3}{\376\377\116\343\145\160}{part.1}% 56
\BOOKMARK [1][-]{section.3.1}{\376\377\116\316\167\342\221\317\172\172\225\364\122\060\116\343\145\160}{chapter.3}% 57
\BOOKMARK [0][-]{section.3.1}{\376\377\116\316\167\342\221\317\172\172\225\364\122\060\116\343\145\160}{part.1}% 58
\BOOKMARK [1][-]{subsection.3.1.1}{\376\377\116\000\202\054\140\047\215\050}{section.3.1}% 59
\BOOKMARK [0][-]{subsection.3.1.1}{\376\377\116\000\202\054\140\047\215\050}{part.1}% 60
\BOOKMARK [1][-]{subsection.3.1.2}{\376\377\124\014\140\001}{subsection.3.1.1}% 61
\BOOKMARK [0][-]{subsection.3.1.2}{\376\377\124\014\140\001}{part.1}% 62
\BOOKMARK [1][-]{section.3.2}{\376\377\164\006\140\363}{subsection.3.1.2}% 63
\BOOKMARK [0][-]{section.3.2}{\376\377\164\006\140\363}{part.1}% 64
\BOOKMARK [1][-]{subsection.3.2.1}{\376\377\125\106\116\343\145\160}{section.3.2}% 65
\BOOKMARK [0][-]{subsection.3.2.1}{\376\377\125\106\116\343\145\160}{part.1}% 66
\BOOKMARK [1][-]{section.3.3}{\376\377\121\150\167\351\226\065\116\343\145\160}{subsection.3.2.1}% 67
\BOOKMARK [0][-]{section.3.3}{\376\377\121\150\167\351\226\065\116\343\145\160}{part.1}% 68
\BOOKMARK [1][-]{section.3.4}{\376\377\116\343\145\160\166\204\133\374\133\120}{section.3.3}% 69
\BOOKMARK [0][-]{section.3.4}{\376\377\116\343\145\160\166\204\133\374\133\120}{part.1}% 70
\BOOKMARK [1][-]{section.3.5}{\376\377\116\343\145\160\166\204\122\006\211\343}{section.3.4}% 71
\BOOKMARK [0][-]{section.3.5}{\376\377\116\343\145\160\166\204\122\006\211\343}{part.1}% 72
\BOOKMARK [1][-]{subsection.3.5.1}{\376\377\116\343\145\160\166\204\150\071}{section.3.5}% 73
\BOOKMARK [0][-]{subsection.3.5.1}{\376\377\116\343\145\160\166\204\150\071}{part.1}% 74
\BOOKMARK [1][-]{subsection.3.5.2}{\376\377\123\112\123\125\116\343\145\160}{subsection.3.5.1}% 75
\BOOKMARK [0][-]{subsection.3.5.2}{\376\377\123\112\123\125\116\343\145\160}{part.1}% 76
\BOOKMARK [1][-]{subsection.3.5.3}{\376\377\123\125\116\343\145\160\166\204\122\006\174\173}{subsection.3.5.2}% 77
\BOOKMARK [0][-]{subsection.3.5.3}{\376\377\123\125\116\343\145\160\166\204\122\006\174\173}{part.1}% 78
\BOOKMARK [1][-]{section.3.6}{\376\377\131\032\230\171\137\017\116\343\145\160}{subsection.3.5.3}% 79
\BOOKMARK [0][-]{section.3.6}{\376\377\131\032\230\171\137\017\116\343\145\160}{part.1}% 80
\BOOKMARK [1][-]{section.3.7}{\376\377\147\054\172\340\116\140\230\230}{section.3.6}% 81
\BOOKMARK [0][-]{section.3.7}{\376\377\147\054\172\340\116\140\230\230}{part.1}% 82
\BOOKMARK [0][-]{chapter.4}{\376\377\173\227\173\046\116\343\145\160}{part.1}% 83
\BOOKMARK [1][-]{section.4.1}{\376\377\201\352\124\014\140\001\116\343\145\160\000E\000n\000d\000\050\000V\000\051}{chapter.4}% 84
\BOOKMARK [0][-]{section.4.1}{\376\377\201\352\124\014\140\001\116\343\145\160\000E\000n\000d\000\050\000V\000\051}{part.1}% 85
